

> simple@0.1.0 build /Users/willothy/work/nerve/nerve/examples/simple
> next build

   [1m[38;2;173;127;168m▲ Next.js 15.1.4[39m[22m

 [37m[1m [22m[39m Creating an optimized production build ...
Failed to compile.

../../packages/sdk-nextjs/dist/index.es.js
Error:   [31mx[0m You're importing a component that needs `createContext`. This React hook only works in a client component. To fix, mark the file (or its parent) with the `"use client"` directive.
  [31m|[0m 
  [31m|[0m  Learn more: https://nextjs.org/docs/app/api-reference/directives/use-client
  [31m|[0m 
  [31m|[0m 
   ,-[[36;1;4m/Users/willothy/work/nerve/nerve/packages/sdk-nextjs/dist/index.es.js[0m:2:1]
 [2m1[0m | import * as Ee from "react";
 [2m2[0m | import U, { createContext as zo, useContext as bo, useEffect as xr, forwardRef as Rr, createElement as br, useState as $e } from "react";
   : [35;1m            ^^^^^^^^^^^^^[0m
 [2m3[0m | import vo from "react-dom";
 [2m4[0m | var Vo = Object.defineProperty, Fo = (t, e, r) => e in t ? Vo(t, e, { enumerable: !0, configurable: !0, writable: !0, value: r }) : t[e] = r, me = (t, e, r) => Fo(t, typeof e != "symbol" ? e + "" : e, r);
 [2m5[0m | function ke(t) {
   `----
  [31mx[0m You're importing a component that needs `useEffect`. This React hook only works in a client component. To fix, mark the file (or its parent) with the `"use client"` directive.
  [31m|[0m 
  [31m|[0m  Learn more: https://nextjs.org/docs/app/api-reference/directives/use-client
  [31m|[0m 
  [31m|[0m 
   ,-[[36;1;4m/Users/willothy/work/nerve/nerve/packages/sdk-nextjs/dist/index.es.js[0m:2:1]
 [2m1[0m | import * as Ee from "react";
 [2m2[0m | import U, { createContext as zo, useContext as bo, useEffect as xr, forwardRef as Rr, createElement as br, useState as $e } from "react";
   : [35;1m                                                   ^^^^^^^^^[0m
 [2m3[0m | import vo from "react-dom";
 [2m4[0m | var Vo = Object.defineProperty, Fo = (t, e, r) => e in t ? Vo(t, e, { enumerable: !0, configurable: !0, writable: !0, value: r }) : t[e] = r, me = (t, e, r) => Fo(t, typeof e != "symbol" ? e + "" : e, r);
 [2m5[0m | function ke(t) {
   `----
  [31mx[0m You're importing a component that needs `useState`. This React hook only works in a client component. To fix, mark the file (or its parent) with the `"use client"` directive.
  [31m|[0m 
  [31m|[0m  Learn more: https://nextjs.org/docs/app/api-reference/directives/use-client
  [31m|[0m 
  [31m|[0m 
   ,-[[36;1;4m/Users/willothy/work/nerve/nerve/packages/sdk-nextjs/dist/index.es.js[0m:2:1]
 [2m1[0m | import * as Ee from "react";
 [2m2[0m | import U, { createContext as zo, useContext as bo, useEffect as xr, forwardRef as Rr, createElement as br, useState as $e } from "react";
   : [35;1m                                                                                                           ^^^^^^^^[0m
 [2m3[0m | import vo from "react-dom";
 [2m4[0m | var Vo = Object.defineProperty, Fo = (t, e, r) => e in t ? Vo(t, e, { enumerable: !0, configurable: !0, writable: !0, value: r }) : t[e] = r, me = (t, e, r) => Fo(t, typeof e != "symbol" ? e + "" : e, r);
 [2m5[0m | function ke(t) {
   `----

Import trace for requested module:
../../packages/sdk-nextjs/dist/index.es.js
./app/callback/page.tsx


> Build failed because of webpack errors
[41m[30m ELIFECYCLE [39m[49m [31mCommand failed with exit code 1.[39m
